Arguments: 
  /usr/bin/node /usr/bin/yarn add nodemon

PATH: 
  /usr/share/Modules/bin:/usr/local/bin:/usr/local/sbin:/usr/bin:/usr/sbin:/home/oseiasbeu/bin:/var/lib/snapd/snap/bin:/home/oseiasbeu/.fzf/bin

Yarn version: 
  1.17.3

Node version: 
  10.16.3

Platform: 
  linux x64

Trace: 
  Error: EACCES: permission denied, mkdir '/home/oseiasbeu/Documentos/carrinho/backend/serverTwo/node_modules/abbrev'

npm manifest: 
  {
    "name": "servertwo",
    "version": "1.0.0",
    "description": "",
    "main": "produto.js",
    "dependencies": {
      "body-parser": "^1.19.0",
      "cors": "^2.8.5",
      "eslint": "^6.5.0",
      "express": "^4.17.1",
      "express-mongo": "^0.3.0",
      "mongodb": "^3.3.2"
    },
    "devDependencies": {},
    "scripts": {
      "test": "echo \"Error: no test specified\" && exit 1"
    },
    "author": "Oséias Beu",
    "license": "ISC"
  }

yarn manifest: 
  No manifest

Lockfile: 
  No lockfile
